 === RELION MPI setup ===
 + Number of MPI processes                 = 6
 + Leader      (0) runs on host            = lighthouse
 + Follower     1  runs on host            = lighthouse
 + Follower     2  runs on host            = lighthouse
 + Follower     3  runs on host            = lighthouse
 + Follower     4  runs on host            = lighthouse
 + Follower     5  runs on host            = lighthouse
 ==========================
 Using CTFFIND executable in: /opt/ctffind/bin/ctffind
 to estimate CTF parameters for the following micrographs: 
  * MotionCorr/job002/Movies/20170629_00021_frameImage.mrc
  * MotionCorr/job002/Movies/20170629_00022_frameImage.mrc
  * MotionCorr/job002/Movies/20170629_00023_frameImage.mrc
  * MotionCorr/job002/Movies/20170629_00024_frameImage.mrc
  * MotionCorr/job002/Movies/20170629_00025_frameImage.mrc
  * MotionCorr/job002/Movies/20170629_00026_frameImage.mrc
  * MotionCorr/job002/Movies/20170629_00027_frameImage.mrc
  * MotionCorr/job002/Movies/20170629_00028_frameImage.mrc
  * MotionCorr/job002/Movies/20170629_00029_frameImage.mrc
  * MotionCorr/job002/Movies/20170629_00030_frameImage.mrc
  * MotionCorr/job002/Movies/20170629_00031_frameImage.mrc
  * MotionCorr/job002/Movies/20170629_00035_frameImage.mrc
  * MotionCorr/job002/Movies/20170629_00036_frameImage.mrc
  * MotionCorr/job002/Movies/20170629_00037_frameImage.mrc
  * MotionCorr/job002/Movies/20170629_00039_frameImage.mrc
  * MotionCorr/job002/Movies/20170629_00040_frameImage.mrc
  * MotionCorr/job002/Movies/20170629_00042_frameImage.mrc
  * MotionCorr/job002/Movies/20170629_00043_frameImage.mrc
  * MotionCorr/job002/Movies/20170629_00044_frameImage.mrc
  * MotionCorr/job002/Movies/20170629_00045_frameImage.mrc
  * MotionCorr/job002/Movies/20170629_00046_frameImage.mrc
  * MotionCorr/job002/Movies/20170629_00047_frameImage.mrc
  * MotionCorr/job002/Movies/20170629_00048_frameImage.mrc
  * MotionCorr/job002/Movies/20170629_00049_frameImage.mrc
 Estimating CTF parameters using Niko Grigorieff's CTFFIND ...
000/??? sec ~~(,_,">                                                          [oo]
 exiting with an abort ...

 exiting with an abort ...

 exiting with an abort ...

 exiting with an abort ...

 exiting with an abort ...

 exiting with an abort ...
