 Setting angpix to 0.885 based on the input STAR file... 
 Set low-pass filter to 3.54 due to downscaling of 0.5
 Saved list of selected micrographs in: ManualPick/job006/micrographs_selected.star
 Saved list with 0 coordinate files in: ManualPick/job006/manualpick.star
 Total number of picked particles: 0 from 24 selected micrographs.
 Saved list of selected micrographs in: ManualPick/job006/micrographs_selected.star
 Saved list with 0 coordinate files in: ManualPick/job006/manualpick.star
 Total number of picked particles: 0 from 24 selected micrographs.
 Saved list of selected micrographs in: ManualPick/job006/micrographs_selected.star
 Saved list with 0 coordinate files in: ManualPick/job006/manualpick.star
 Setting angpix to 0.885 based on the input STAR file... 
 Set low-pass filter to 5.9 due to downscaling of 0.3
 Saved list of selected micrographs in: ManualPick/job006/micrographs_selected.star
 Saved list with 0 coordinate files in: ManualPick/job006/manualpick.star
 Total number of picked particles: 0 from 24 selected micrographs.
 Saved list of selected micrographs in: ManualPick/job006/micrographs_selected.star
 Saved list with 0 coordinate files in: ManualPick/job006/manualpick.star
Saved ManualPick/job006/Movies/20170629_00021_frameImage_manualpick.star with 13 selected coordinates.
 Saved list of selected micrographs in: ManualPick/job006/micrographs_selected.star
 Saved list with 1 coordinate files in: ManualPick/job006/manualpick.star
 Total number of picked particles: 13 from 24 selected micrographs.
 Saved list of selected micrographs in: ManualPick/job006/micrographs_selected.star
 Saved list with 1 coordinate files in: ManualPick/job006/manualpick.star
