

        **   Welcome to Ctffind   **

            Version : 4.1.14
           Compiled : May  8 2020
               Mode : Scripted

Input image file name                              : CtfFind/job005/Movies/20170629_00044_frameImage_PS.mrc
Output diagnostic image file name                  : CtfFind/job005/Movies/20170629_00044_frameImage_PS.ctf
Pixel size                                         : 1.39955
Acceleration voltage                               : 200
Spherical aberration                               : 1.4
Amplitude contrast                                 : 0.1
Size of amplitude spectrum to compute              : 512
Minimum resolution                                 : 30
Maximum resolution                                 : 5
Minimum defocus                                    : 5000
Maximum defocus                                    : 50000
Defocus search step                                : 500
Do you know what astigmatism is present?           : no
Slower, more exhaustive search?                    : no
Use a restraint on astigmatism?                    : yes
Expected (tolerated) astigmatism                   : 100
Find additional phase shift?                       : no
Do you want to set expert options?                 : no
File name: 20170629_00044_frameImage_PS.mrc
File type: MRC
Dimensions: X = 512 Y = 512 Z = 1
Number of slices: 1
Working on micrograph 1 of 1
      DFMID1      DFMID2      ANGAST          CC
    35395.21    35395.21      -15.00     0.09222

Timings
 Initialization       : 00:00:00
 Spectrum computation : 00:00:00
 Parameter search     : 00:00:00
 Diagnosis            : 00:00:00
 Total                : 00:00:00


Estimated defocus values        : 36210.37 , 35258.37 Angstroms
Estimated azimuth of astigmatism: -14.80 degrees
Score                           : 0.05548
Pixel size for fitting          : 1.400 Angstroms
Thon rings with good fit up to  : 6.6 Angstroms
CTF aliasing apparent from      : 8.7 Angstroms
[31mWarning: CTF aliasing occurred within your CTF fitting range. Consider computing a larger spectrum (current size = 512).
[0m

Summary of results                          : CtfFind/job005/Movies/20170629_00044_frameImage_PS.txt
Diagnostic images                           : CtfFind/job005/Movies/20170629_00044_frameImage_PS.ctf
Detailed results, including 1D fit profiles : CtfFind/job005/Movies/20170629_00044_frameImage_PS_avrot.txt
Use this command to plot 1D fit profiles    : ctffind_plot_results.sh CtfFind/job005/Movies/20170629_00044_frameImage_PS_avrot.txt


