Working on Movies/20170629_00025_frameImage.tiff with 16 thread(s).

Movie size: X = 3710 Y = 3838 N = 24
Frames to be used: 1 2 3 4 5 6 7 8 9 10 11 12 13 14 15 16 17 18 19 20 21 22 23 24
Frame grouping: n_frames = 24, requested group size = 1
 | 1 | 2 | 3 | 4 | 5 | 6 | 7 | 8 | 9 | 10 | 11 | 12 | 13 | 14 | 15 | 16 | 17 | 18 | 19 | 20 | 21 | 22 | 23 | 24 | 
interpolate_shifts = 0

In unaligned sum, Mean = 24.879 Std = 5.06237 Hotpixel threshold = 55.2532
Detected 77 hot pixels to be corrected.
Fixed hot pixels.
Written the power spectrum for CTF estimation: MotionCorr/job002/Movies/20170629_00025_frameImage_PS.mrc
The pixel size for CTF estimation: 1.39955

Global alignment:
 Iteration 1: RMSD = 13.9103 px
 Iteration 2: RMSD = 1.42493 px
 Iteration 3: RMSD = 0.239052 px

Local alignments:
Patches: X = 5 Y = 5
Patch (1, 1): 1 / 25, X range = [0, 742), Y range = [0, 766), Center = (370, 382)
 Iteration 1: RMSD = 3.04322 px
 Iteration 2: RMSD = 0.130513 px
Patch (1, 2): 2 / 25, X range = [742, 1484), Y range = [0, 766), Center = (1112, 382)
 Iteration 1: RMSD = 1.83032 px
 Iteration 2: RMSD = 0.141713 px
Patch (1, 3): 3 / 25, X range = [1484, 2226), Y range = [0, 766), Center = (1854, 382)
 Iteration 1: RMSD = 0.850625 px
 Iteration 2: RMSD = 0.0954373 px
Patch (1, 4): 4 / 25, X range = [2226, 2968), Y range = [0, 766), Center = (2596, 382)
 Iteration 1: RMSD = 1.9381 px
 Iteration 2: RMSD = 0.147482 px
Patch (1, 5): 5 / 25, X range = [2968, 3710), Y range = [0, 766), Center = (3338, 382)
 Iteration 1: RMSD = 8.2917 px
 Iteration 2: RMSD = 0.810782 px
 Iteration 3: RMSD = 0.409142 px
Patch (2, 1): 6 / 25, X range = [0, 742), Y range = [767, 1533), Center = (370, 1149)
 Iteration 1: RMSD = 2.70794 px
 Iteration 2: RMSD = 0.148013 px
Patch (2, 2): 7 / 25, X range = [742, 1484), Y range = [767, 1533), Center = (1112, 1149)
 Iteration 1: RMSD = 1.9849 px
 Iteration 2: RMSD = 0.106637 px
Patch (2, 3): 8 / 25, X range = [1484, 2226), Y range = [767, 1533), Center = (1854, 1149)
 Iteration 1: RMSD = 0.905296 px
 Iteration 2: RMSD = 0.0800176 px
Patch (2, 4): 9 / 25, X range = [2226, 2968), Y range = [767, 1533), Center = (2596, 1149)
 Iteration 1: RMSD = 0.687396 px
 Iteration 2: RMSD = 0.073782 px
Patch (2, 5): 10 / 25, X range = [2968, 3710), Y range = [767, 1533), Center = (3338, 1149)
 Iteration 1: RMSD = 1.95379 px
 Iteration 2: RMSD = 0.133987 px
Patch (3, 1): 11 / 25, X range = [0, 742), Y range = [1534, 2300), Center = (370, 1916)
 Iteration 1: RMSD = 2.71802 px
 Iteration 2: RMSD = 0.193497 px
Patch (3, 2): 12 / 25, X range = [742, 1484), Y range = [1534, 2300), Center = (1112, 1916)
 Iteration 1: RMSD = 1.9777 px
 Iteration 2: RMSD = 0.106233 px
Patch (3, 3): 13 / 25, X range = [1484, 2226), Y range = [1534, 2300), Center = (1854, 1916)
 Iteration 1: RMSD = 1.07033 px
 Iteration 2: RMSD = 0.11299 px
Patch (3, 4): 14 / 25, X range = [2226, 2968), Y range = [1534, 2300), Center = (2596, 1916)
 Iteration 1: RMSD = 0.895787 px
 Iteration 2: RMSD = 0.123155 px
Patch (3, 5): 15 / 25, X range = [2968, 3710), Y range = [1534, 2300), Center = (3338, 1916)
 Iteration 1: RMSD = 1.71914 px
 Iteration 2: RMSD = 0.0728601 px
Patch (4, 1): 16 / 25, X range = [0, 742), Y range = [2301, 3067), Center = (370, 2683)
 Iteration 1: RMSD = 2.24844 px
 Iteration 2: RMSD = 0.251962 px
Patch (4, 2): 17 / 25, X range = [742, 1484), Y range = [2301, 3067), Center = (1112, 2683)
 Iteration 1: RMSD = 1.72011 px
 Iteration 2: RMSD = 0.20491 px
Patch (4, 3): 18 / 25, X range = [1484, 2226), Y range = [2301, 3067), Center = (1854, 2683)
 Iteration 1: RMSD = 1.16402 px
 Iteration 2: RMSD = 0.130067 px
Patch (4, 4): 19 / 25, X range = [2226, 2968), Y range = [2301, 3067), Center = (2596, 2683)
 Iteration 1: RMSD = 0.74542 px
 Iteration 2: RMSD = 0.089062 px
Patch (4, 5): 20 / 25, X range = [2968, 3710), Y range = [2301, 3067), Center = (3338, 2683)
 Iteration 1: RMSD = 1.30404 px
 Iteration 2: RMSD = 0.0812286 px
Patch (5, 1): 21 / 25, X range = [0, 742), Y range = [3068, 3834), Center = (370, 3450)
 Iteration 1: RMSD = 2.8747 px
 Iteration 2: RMSD = 0.280926 px
Patch (5, 2): 22 / 25, X range = [742, 1484), Y range = [3068, 3834), Center = (1112, 3450)
 Iteration 1: RMSD = 2.53543 px
 Iteration 2: RMSD = 0.266175 px
Patch (5, 3): 23 / 25, X range = [1484, 2226), Y range = [3068, 3834), Center = (1854, 3450)
 Iteration 1: RMSD = 1.67013 px
 Iteration 2: RMSD = 0.121692 px
Patch (5, 4): 24 / 25, X range = [2226, 2968), Y range = [3068, 3834), Center = (2596, 3450)
 Iteration 1: RMSD = 1.1468 px
 Iteration 2: RMSD = 0.113979 px
Patch (5, 5): 25 / 25, X range = [2968, 3710), Y range = [3068, 3834), Center = (3338, 3450)
 Iteration 1: RMSD = 1.72786 px
 Iteration 2: RMSD = 0.155669 px

Polynomial fit RMSD: X = 1.19437 px Y = 0.934886 px
Pre-exposure: = 0
Summing frames after dose weighting: ........................ done
Written aligned and dose-weighted sum to MotionCorr/job002/Movies/20170629_00025_frameImage.mrc
