Working on Movies/20170629_00036_frameImage.tiff with 16 thread(s).

Movie size: X = 3710 Y = 3838 N = 24
Frames to be used: 1 2 3 4 5 6 7 8 9 10 11 12 13 14 15 16 17 18 19 20 21 22 23 24
Frame grouping: n_frames = 24, requested group size = 1
 | 1 | 2 | 3 | 4 | 5 | 6 | 7 | 8 | 9 | 10 | 11 | 12 | 13 | 14 | 15 | 16 | 17 | 18 | 19 | 20 | 21 | 22 | 23 | 24 | 
interpolate_shifts = 0

In unaligned sum, Mean = 27.5759 Std = 5.32668 Hotpixel threshold = 59.536
Detected 71 hot pixels to be corrected.
Fixed hot pixels.
Written the power spectrum for CTF estimation: MotionCorr/job002/Movies/20170629_00036_frameImage_PS.mrc
The pixel size for CTF estimation: 1.39955

Global alignment:
 Iteration 1: RMSD = 6.86253 px
 Iteration 2: RMSD = 0.728251 px
 Iteration 3: RMSD = 0.115639 px

Local alignments:
Patches: X = 5 Y = 5
Patch (1, 1): 1 / 25, X range = [0, 742), Y range = [0, 766), Center = (370, 382)
 Iteration 1: RMSD = 1.35393 px
 Iteration 2: RMSD = 0.0845859 px
Patch (1, 2): 2 / 25, X range = [742, 1484), Y range = [0, 766), Center = (1112, 382)
 Iteration 1: RMSD = 1.69858 px
 Iteration 2: RMSD = 0.133301 px
Patch (1, 3): 3 / 25, X range = [1484, 2226), Y range = [0, 766), Center = (1854, 382)
 Iteration 1: RMSD = 1.47731 px
 Iteration 2: RMSD = 0.235326 px
Patch (1, 4): 4 / 25, X range = [2226, 2968), Y range = [0, 766), Center = (2596, 382)
 Iteration 1: RMSD = 1.3577 px
 Iteration 2: RMSD = 0.201422 px
Patch (1, 5): 5 / 25, X range = [2968, 3710), Y range = [0, 766), Center = (3338, 382)
 Iteration 1: RMSD = 4.51722 px
 Iteration 2: RMSD = 0.538129 px
 Iteration 3: RMSD = 0.126277 px
Patch (2, 1): 6 / 25, X range = [0, 742), Y range = [767, 1533), Center = (370, 1149)
 Iteration 1: RMSD = 1.67066 px
 Iteration 2: RMSD = 0.129361 px
Patch (2, 2): 7 / 25, X range = [742, 1484), Y range = [767, 1533), Center = (1112, 1149)
 Iteration 1: RMSD = 1.14771 px
 Iteration 2: RMSD = 0.0813462 px
Patch (2, 3): 8 / 25, X range = [1484, 2226), Y range = [767, 1533), Center = (1854, 1149)
 Iteration 1: RMSD = 0.99754 px
 Iteration 2: RMSD = 0.225093 px
Patch (2, 4): 9 / 25, X range = [2226, 2968), Y range = [767, 1533), Center = (2596, 1149)
 Iteration 1: RMSD = 1.3112 px
 Iteration 2: RMSD = 0.126863 px
Patch (2, 5): 10 / 25, X range = [2968, 3710), Y range = [767, 1533), Center = (3338, 1149)
 Iteration 1: RMSD = 1.35804 px
 Iteration 2: RMSD = 0.11671 px
Patch (3, 1): 11 / 25, X range = [0, 742), Y range = [1534, 2300), Center = (370, 1916)
 Iteration 1: RMSD = 1.06059 px
 Iteration 2: RMSD = 0.140109 px
Patch (3, 2): 12 / 25, X range = [742, 1484), Y range = [1534, 2300), Center = (1112, 1916)
 Iteration 1: RMSD = 0.734226 px
 Iteration 2: RMSD = 0.10968 px
Patch (3, 3): 13 / 25, X range = [1484, 2226), Y range = [1534, 2300), Center = (1854, 1916)
 Iteration 1: RMSD = 1.00803 px
 Iteration 2: RMSD = 0.117285 px
Patch (3, 4): 14 / 25, X range = [2226, 2968), Y range = [1534, 2300), Center = (2596, 1916)
 Iteration 1: RMSD = 0.959893 px
 Iteration 2: RMSD = 0.152279 px
Patch (3, 5): 15 / 25, X range = [2968, 3710), Y range = [1534, 2300), Center = (3338, 1916)
 Iteration 1: RMSD = 1.04468 px
 Iteration 2: RMSD = 0.140899 px
Patch (4, 1): 16 / 25, X range = [0, 742), Y range = [2301, 3067), Center = (370, 2683)
 Iteration 1: RMSD = 0.853174 px
 Iteration 2: RMSD = 0.169484 px
Patch (4, 2): 17 / 25, X range = [742, 1484), Y range = [2301, 3067), Center = (1112, 2683)
 Iteration 1: RMSD = 1.34902 px
 Iteration 2: RMSD = 0.180431 px
Patch (4, 3): 18 / 25, X range = [1484, 2226), Y range = [2301, 3067), Center = (1854, 2683)
 Iteration 1: RMSD = 1.5136 px
 Iteration 2: RMSD = 0.167243 px
Patch (4, 4): 19 / 25, X range = [2226, 2968), Y range = [2301, 3067), Center = (2596, 2683)
 Iteration 1: RMSD = 1.19106 px
 Iteration 2: RMSD = 0.126097 px
Patch (4, 5): 20 / 25, X range = [2968, 3710), Y range = [2301, 3067), Center = (3338, 2683)
 Iteration 1: RMSD = 1.9336 px
 Iteration 2: RMSD = 0.237858 px
Patch (5, 1): 21 / 25, X range = [0, 742), Y range = [3068, 3834), Center = (370, 3450)
 Iteration 1: RMSD = 2.14032 px
 Iteration 2: RMSD = 0.198177 px
Patch (5, 2): 22 / 25, X range = [742, 1484), Y range = [3068, 3834), Center = (1112, 3450)
 Iteration 1: RMSD = 1.7011 px
 Iteration 2: RMSD = 0.291614 px
Patch (5, 3): 23 / 25, X range = [1484, 2226), Y range = [3068, 3834), Center = (1854, 3450)
 Iteration 1: RMSD = 1.63274 px
 Iteration 2: RMSD = 0.129911 px
Patch (5, 4): 24 / 25, X range = [2226, 2968), Y range = [3068, 3834), Center = (2596, 3450)
 Iteration 1: RMSD = 1.65274 px
 Iteration 2: RMSD = 0.132192 px
Patch (5, 5): 25 / 25, X range = [2968, 3710), Y range = [3068, 3834), Center = (3338, 3450)
 Iteration 1: RMSD = 1.64742 px
 Iteration 2: RMSD = 0.15478 px

Polynomial fit RMSD: X = 0.992028 px Y = 0.886022 px
Pre-exposure: = 0
Summing frames after dose weighting: ........................ done
Written aligned and dose-weighted sum to MotionCorr/job002/Movies/20170629_00036_frameImage.mrc
