Working on Movies/20170629_00031_frameImage.tiff with 16 thread(s).

Movie size: X = 3710 Y = 3838 N = 24
Frames to be used: 1 2 3 4 5 6 7 8 9 10 11 12 13 14 15 16 17 18 19 20 21 22 23 24
Frame grouping: n_frames = 24, requested group size = 1
 | 1 | 2 | 3 | 4 | 5 | 6 | 7 | 8 | 9 | 10 | 11 | 12 | 13 | 14 | 15 | 16 | 17 | 18 | 19 | 20 | 21 | 22 | 23 | 24 | 
interpolate_shifts = 0

In unaligned sum, Mean = 26.041 Std = 5.20155 Hotpixel threshold = 57.2504
Detected 69 hot pixels to be corrected.
Fixed hot pixels.
Written the power spectrum for CTF estimation: MotionCorr/job002/Movies/20170629_00031_frameImage_PS.mrc
The pixel size for CTF estimation: 1.39955

Global alignment:
 Iteration 1: RMSD = 7.55018 px
 Iteration 2: RMSD = 0.669125 px
 Iteration 3: RMSD = 0.0994958 px

Local alignments:
Patches: X = 5 Y = 5
Patch (1, 1): 1 / 25, X range = [0, 742), Y range = [0, 766), Center = (370, 382)
 Iteration 1: RMSD = 2.73881 px
 Iteration 2: RMSD = 0.14851 px
Patch (1, 2): 2 / 25, X range = [742, 1484), Y range = [0, 766), Center = (1112, 382)
 Iteration 1: RMSD = 0.896156 px
 Iteration 2: RMSD = 0.153868 px
Patch (1, 3): 3 / 25, X range = [1484, 2226), Y range = [0, 766), Center = (1854, 382)
 Iteration 1: RMSD = 0.640994 px
 Iteration 2: RMSD = 0.0634995 px
Patch (1, 4): 4 / 25, X range = [2226, 2968), Y range = [0, 766), Center = (2596, 382)
 Iteration 1: RMSD = 0.757441 px
 Iteration 2: RMSD = 0.0839018 px
Patch (1, 5): 5 / 25, X range = [2968, 3710), Y range = [0, 766), Center = (3338, 382)
 Iteration 1: RMSD = 4.7161 px
 Iteration 2: RMSD = 0.296941 px
Patch (2, 1): 6 / 25, X range = [0, 742), Y range = [767, 1533), Center = (370, 1149)
 Iteration 1: RMSD = 1.80676 px
 Iteration 2: RMSD = 0.273533 px
Patch (2, 2): 7 / 25, X range = [742, 1484), Y range = [767, 1533), Center = (1112, 1149)
 Iteration 1: RMSD = 1.33582 px
 Iteration 2: RMSD = 0.110011 px
Patch (2, 3): 8 / 25, X range = [1484, 2226), Y range = [767, 1533), Center = (1854, 1149)
 Iteration 1: RMSD = 0.850937 px
 Iteration 2: RMSD = 0.121806 px
Patch (2, 4): 9 / 25, X range = [2226, 2968), Y range = [767, 1533), Center = (2596, 1149)
 Iteration 1: RMSD = 0.951298 px
 Iteration 2: RMSD = 0.0867943 px
Patch (2, 5): 10 / 25, X range = [2968, 3710), Y range = [767, 1533), Center = (3338, 1149)
 Iteration 1: RMSD = 1.41518 px
 Iteration 2: RMSD = 0.115658 px
Patch (3, 1): 11 / 25, X range = [0, 742), Y range = [1534, 2300), Center = (370, 1916)
 Iteration 1: RMSD = 1.73765 px
 Iteration 2: RMSD = 0.15673 px
Patch (3, 2): 12 / 25, X range = [742, 1484), Y range = [1534, 2300), Center = (1112, 1916)
 Iteration 1: RMSD = 0.694766 px
 Iteration 2: RMSD = 0.079065 px
Patch (3, 3): 13 / 25, X range = [1484, 2226), Y range = [1534, 2300), Center = (1854, 1916)
 Iteration 1: RMSD = 0.914133 px
 Iteration 2: RMSD = 0.12346 px
Patch (3, 4): 14 / 25, X range = [2226, 2968), Y range = [1534, 2300), Center = (2596, 1916)
 Iteration 1: RMSD = 0.886416 px
 Iteration 2: RMSD = 0.0787303 px
Patch (3, 5): 15 / 25, X range = [2968, 3710), Y range = [1534, 2300), Center = (3338, 1916)
 Iteration 1: RMSD = 0.757416 px
 Iteration 2: RMSD = 0.0809166 px
Patch (4, 1): 16 / 25, X range = [0, 742), Y range = [2301, 3067), Center = (370, 2683)
 Iteration 1: RMSD = 2.02605 px
 Iteration 2: RMSD = 0.303603 px
Patch (4, 2): 17 / 25, X range = [742, 1484), Y range = [2301, 3067), Center = (1112, 2683)
 Iteration 1: RMSD = 1.85445 px
 Iteration 2: RMSD = 0.163557 px
Patch (4, 3): 18 / 25, X range = [1484, 2226), Y range = [2301, 3067), Center = (1854, 2683)
 Iteration 1: RMSD = 1.46159 px
 Iteration 2: RMSD = 0.098919 px
Patch (4, 4): 19 / 25, X range = [2226, 2968), Y range = [2301, 3067), Center = (2596, 2683)
 Iteration 1: RMSD = 1.18999 px
 Iteration 2: RMSD = 0.114405 px
Patch (4, 5): 20 / 25, X range = [2968, 3710), Y range = [2301, 3067), Center = (3338, 2683)
 Iteration 1: RMSD = 0.902965 px
 Iteration 2: RMSD = 0.062143 px
Patch (5, 1): 21 / 25, X range = [0, 742), Y range = [3068, 3834), Center = (370, 3450)
 Iteration 1: RMSD = 3.67769 px
 Iteration 2: RMSD = 0.270262 px
Patch (5, 2): 22 / 25, X range = [742, 1484), Y range = [3068, 3834), Center = (1112, 3450)
 Iteration 1: RMSD = 2.2819 px
 Iteration 2: RMSD = 0.273897 px
Patch (5, 3): 23 / 25, X range = [1484, 2226), Y range = [3068, 3834), Center = (1854, 3450)
 Iteration 1: RMSD = 0.941913 px
 Iteration 2: RMSD = 0.132517 px
Patch (5, 4): 24 / 25, X range = [2226, 2968), Y range = [3068, 3834), Center = (2596, 3450)
 Iteration 1: RMSD = 1.90379 px
 Iteration 2: RMSD = 0.14819 px
Patch (5, 5): 25 / 25, X range = [2968, 3710), Y range = [3068, 3834), Center = (3338, 3450)
 Iteration 1: RMSD = 1.37382 px
 Iteration 2: RMSD = 0.117363 px

Polynomial fit RMSD: X = 0.979484 px Y = 0.832538 px
Pre-exposure: = 0
Summing frames after dose weighting: ........................ done
Written aligned and dose-weighted sum to MotionCorr/job002/Movies/20170629_00031_frameImage.mrc
