Working on Movies/20170629_00027_frameImage.tiff with 16 thread(s).

Movie size: X = 3710 Y = 3838 N = 24
Frames to be used: 1 2 3 4 5 6 7 8 9 10 11 12 13 14 15 16 17 18 19 20 21 22 23 24
Frame grouping: n_frames = 24, requested group size = 1
 | 1 | 2 | 3 | 4 | 5 | 6 | 7 | 8 | 9 | 10 | 11 | 12 | 13 | 14 | 15 | 16 | 17 | 18 | 19 | 20 | 21 | 22 | 23 | 24 | 
interpolate_shifts = 0

In unaligned sum, Mean = 27.011 Std = 5.27874 Hotpixel threshold = 58.6834
Detected 70 hot pixels to be corrected.
Fixed hot pixels.
Written the power spectrum for CTF estimation: MotionCorr/job002/Movies/20170629_00027_frameImage_PS.mrc
The pixel size for CTF estimation: 1.39955

Global alignment:
 Iteration 1: RMSD = 7.62759 px
 Iteration 2: RMSD = 1.0844 px
 Iteration 3: RMSD = 0.15271 px

Local alignments:
Patches: X = 5 Y = 5
Patch (1, 1): 1 / 25, X range = [0, 742), Y range = [0, 766), Center = (370, 382)
 Iteration 1: RMSD = 1.41924 px
 Iteration 2: RMSD = 0.254823 px
Patch (1, 2): 2 / 25, X range = [742, 1484), Y range = [0, 766), Center = (1112, 382)
 Iteration 1: RMSD = 1.90192 px
 Iteration 2: RMSD = 0.0783882 px
Patch (1, 3): 3 / 25, X range = [1484, 2226), Y range = [0, 766), Center = (1854, 382)
 Iteration 1: RMSD = 1.75225 px
 Iteration 2: RMSD = 0.234872 px
Patch (1, 4): 4 / 25, X range = [2226, 2968), Y range = [0, 766), Center = (2596, 382)
 Iteration 1: RMSD = 0.802781 px
 Iteration 2: RMSD = 0.0942288 px
Patch (1, 5): 5 / 25, X range = [2968, 3710), Y range = [0, 766), Center = (3338, 382)
 Iteration 1: RMSD = 5.53862 px
 Iteration 2: RMSD = 0.405152 px
Patch (2, 1): 6 / 25, X range = [0, 742), Y range = [767, 1533), Center = (370, 1149)
 Iteration 1: RMSD = 1.52252 px
 Iteration 2: RMSD = 0.101216 px
Patch (2, 2): 7 / 25, X range = [742, 1484), Y range = [767, 1533), Center = (1112, 1149)
 Iteration 1: RMSD = 0.948363 px
 Iteration 2: RMSD = 0.0719763 px
Patch (2, 3): 8 / 25, X range = [1484, 2226), Y range = [767, 1533), Center = (1854, 1149)
 Iteration 1: RMSD = 1.08773 px
 Iteration 2: RMSD = 0.141507 px
Patch (2, 4): 9 / 25, X range = [2226, 2968), Y range = [767, 1533), Center = (2596, 1149)
 Iteration 1: RMSD = 1.06793 px
 Iteration 2: RMSD = 0.0781435 px
Patch (2, 5): 10 / 25, X range = [2968, 3710), Y range = [767, 1533), Center = (3338, 1149)
 Iteration 1: RMSD = 0.88348 px
 Iteration 2: RMSD = 0.0962872 px
Patch (3, 1): 11 / 25, X range = [0, 742), Y range = [1534, 2300), Center = (370, 1916)
 Iteration 1: RMSD = 1.96946 px
 Iteration 2: RMSD = 0.10773 px
Patch (3, 2): 12 / 25, X range = [742, 1484), Y range = [1534, 2300), Center = (1112, 1916)
 Iteration 1: RMSD = 2.06611 px
 Iteration 2: RMSD = 0.0917078 px
Patch (3, 3): 13 / 25, X range = [1484, 2226), Y range = [1534, 2300), Center = (1854, 1916)
 Iteration 1: RMSD = 0.986947 px
 Iteration 2: RMSD = 0.165637 px
Patch (3, 4): 14 / 25, X range = [2226, 2968), Y range = [1534, 2300), Center = (2596, 1916)
 Iteration 1: RMSD = 0.835519 px
 Iteration 2: RMSD = 0.149287 px
Patch (3, 5): 15 / 25, X range = [2968, 3710), Y range = [1534, 2300), Center = (3338, 1916)
 Iteration 1: RMSD = 0.962838 px
 Iteration 2: RMSD = 0.0984561 px
Patch (4, 1): 16 / 25, X range = [0, 742), Y range = [2301, 3067), Center = (370, 2683)
 Iteration 1: RMSD = 2.04332 px
 Iteration 2: RMSD = 0.288472 px
Patch (4, 2): 17 / 25, X range = [742, 1484), Y range = [2301, 3067), Center = (1112, 2683)
 Iteration 1: RMSD = 1.56259 px
 Iteration 2: RMSD = 0.20817 px
Patch (4, 3): 18 / 25, X range = [1484, 2226), Y range = [2301, 3067), Center = (1854, 2683)
 Iteration 1: RMSD = 1.28423 px
 Iteration 2: RMSD = 0.0891059 px
Patch (4, 4): 19 / 25, X range = [2226, 2968), Y range = [2301, 3067), Center = (2596, 2683)
 Iteration 1: RMSD = 1.86376 px
 Iteration 2: RMSD = 0.220983 px
Patch (4, 5): 20 / 25, X range = [2968, 3710), Y range = [2301, 3067), Center = (3338, 2683)
 Iteration 1: RMSD = 1.23551 px
 Iteration 2: RMSD = 0.149012 px
Patch (5, 1): 21 / 25, X range = [0, 742), Y range = [3068, 3834), Center = (370, 3450)
 Iteration 1: RMSD = 1.77249 px
 Iteration 2: RMSD = 0.28201 px
Patch (5, 2): 22 / 25, X range = [742, 1484), Y range = [3068, 3834), Center = (1112, 3450)
 Iteration 1: RMSD = 1.45209 px
 Iteration 2: RMSD = 0.131765 px
Patch (5, 3): 23 / 25, X range = [1484, 2226), Y range = [3068, 3834), Center = (1854, 3450)
 Iteration 1: RMSD = 2.08937 px
 Iteration 2: RMSD = 0.317876 px
Patch (5, 4): 24 / 25, X range = [2226, 2968), Y range = [3068, 3834), Center = (2596, 3450)
 Iteration 1: RMSD = 2.51099 px
 Iteration 2: RMSD = 0.247071 px
Patch (5, 5): 25 / 25, X range = [2968, 3710), Y range = [3068, 3834), Center = (3338, 3450)
 Iteration 1: RMSD = 1.47474 px
 Iteration 2: RMSD = 0.352724 px

Polynomial fit RMSD: X = 1.20867 px Y = 0.989583 px
Pre-exposure: = 0
Summing frames after dose weighting: ........................ done
Written aligned and dose-weighted sum to MotionCorr/job002/Movies/20170629_00027_frameImage.mrc
