Working on Movies/20170629_00049_frameImage.tiff with 16 thread(s).

Movie size: X = 3710 Y = 3838 N = 24
Frames to be used: 1 2 3 4 5 6 7 8 9 10 11 12 13 14 15 16 17 18 19 20 21 22 23 24
Frame grouping: n_frames = 24, requested group size = 1
 | 1 | 2 | 3 | 4 | 5 | 6 | 7 | 8 | 9 | 10 | 11 | 12 | 13 | 14 | 15 | 16 | 17 | 18 | 19 | 20 | 21 | 22 | 23 | 24 | 
interpolate_shifts = 0

In unaligned sum, Mean = 27.226 Std = 5.31034 Hotpixel threshold = 59.088
Detected 70 hot pixels to be corrected.
Fixed hot pixels.
Written the power spectrum for CTF estimation: MotionCorr/job002/Movies/20170629_00049_frameImage_PS.mrc
The pixel size for CTF estimation: 1.39955

Global alignment:
 Iteration 1: RMSD = 6.46907 px
 Iteration 2: RMSD = 0.602843 px
 Iteration 3: RMSD = 0.0949286 px

Local alignments:
Patches: X = 5 Y = 5
Patch (1, 1): 1 / 25, X range = [0, 742), Y range = [0, 766), Center = (370, 382)
 Iteration 1: RMSD = 1.00724 px
 Iteration 2: RMSD = 0.112528 px
Patch (1, 2): 2 / 25, X range = [742, 1484), Y range = [0, 766), Center = (1112, 382)
 Iteration 1: RMSD = 0.991245 px
 Iteration 2: RMSD = 0.148293 px
Patch (1, 3): 3 / 25, X range = [1484, 2226), Y range = [0, 766), Center = (1854, 382)
 Iteration 1: RMSD = 1.95767 px
 Iteration 2: RMSD = 0.199199 px
Patch (1, 4): 4 / 25, X range = [2226, 2968), Y range = [0, 766), Center = (2596, 382)
 Iteration 1: RMSD = 1.22073 px
 Iteration 2: RMSD = 0.0911374 px
Patch (1, 5): 5 / 25, X range = [2968, 3710), Y range = [0, 766), Center = (3338, 382)
 Iteration 1: RMSD = 3.92168 px
 Iteration 2: RMSD = 0.315661 px
Patch (2, 1): 6 / 25, X range = [0, 742), Y range = [767, 1533), Center = (370, 1149)
 Iteration 1: RMSD = 1.13735 px
 Iteration 2: RMSD = 0.131825 px
Patch (2, 2): 7 / 25, X range = [742, 1484), Y range = [767, 1533), Center = (1112, 1149)
 Iteration 1: RMSD = 1.30042 px
 Iteration 2: RMSD = 0.117367 px
Patch (2, 3): 8 / 25, X range = [1484, 2226), Y range = [767, 1533), Center = (1854, 1149)
 Iteration 1: RMSD = 1.66693 px
 Iteration 2: RMSD = 0.242238 px
Patch (2, 4): 9 / 25, X range = [2226, 2968), Y range = [767, 1533), Center = (2596, 1149)
 Iteration 1: RMSD = 1.05358 px
 Iteration 2: RMSD = 0.0831616 px
Patch (2, 5): 10 / 25, X range = [2968, 3710), Y range = [767, 1533), Center = (3338, 1149)
 Iteration 1: RMSD = 0.787938 px
 Iteration 2: RMSD = 0.0745206 px
Patch (3, 1): 11 / 25, X range = [0, 742), Y range = [1534, 2300), Center = (370, 1916)
 Iteration 1: RMSD = 1.46641 px
 Iteration 2: RMSD = 0.165692 px
Patch (3, 2): 12 / 25, X range = [742, 1484), Y range = [1534, 2300), Center = (1112, 1916)
 Iteration 1: RMSD = 0.909204 px
 Iteration 2: RMSD = 0.153364 px
Patch (3, 3): 13 / 25, X range = [1484, 2226), Y range = [1534, 2300), Center = (1854, 1916)
 Iteration 1: RMSD = 1.3364 px
 Iteration 2: RMSD = 0.0775089 px
Patch (3, 4): 14 / 25, X range = [2226, 2968), Y range = [1534, 2300), Center = (2596, 1916)
 Iteration 1: RMSD = 0.840119 px
 Iteration 2: RMSD = 0.126565 px
Patch (3, 5): 15 / 25, X range = [2968, 3710), Y range = [1534, 2300), Center = (3338, 1916)
 Iteration 1: RMSD = 1.42779 px
 Iteration 2: RMSD = 0.308727 px
Patch (4, 1): 16 / 25, X range = [0, 742), Y range = [2301, 3067), Center = (370, 2683)
 Iteration 1: RMSD = 1.0377 px
 Iteration 2: RMSD = 0.227557 px
Patch (4, 2): 17 / 25, X range = [742, 1484), Y range = [2301, 3067), Center = (1112, 2683)
 Iteration 1: RMSD = 1.60987 px
 Iteration 2: RMSD = 0.0728677 px
Patch (4, 3): 18 / 25, X range = [1484, 2226), Y range = [2301, 3067), Center = (1854, 2683)
 Iteration 1: RMSD = 1.72582 px
 Iteration 2: RMSD = 0.267476 px
Patch (4, 4): 19 / 25, X range = [2226, 2968), Y range = [2301, 3067), Center = (2596, 2683)
 Iteration 1: RMSD = 1.4326 px
 Iteration 2: RMSD = 0.174105 px
Patch (4, 5): 20 / 25, X range = [2968, 3710), Y range = [2301, 3067), Center = (3338, 2683)
 Iteration 1: RMSD = 1.04698 px
 Iteration 2: RMSD = 0.175977 px
Patch (5, 1): 21 / 25, X range = [0, 742), Y range = [3068, 3834), Center = (370, 3450)
 Iteration 1: RMSD = 2.09046 px
 Iteration 2: RMSD = 0.29712 px
Patch (5, 2): 22 / 25, X range = [742, 1484), Y range = [3068, 3834), Center = (1112, 3450)
 Iteration 1: RMSD = 2.0855 px
 Iteration 2: RMSD = 0.365683 px
Patch (5, 3): 23 / 25, X range = [1484, 2226), Y range = [3068, 3834), Center = (1854, 3450)
 Iteration 1: RMSD = 0.957062 px
 Iteration 2: RMSD = 0.193461 px
Patch (5, 4): 24 / 25, X range = [2226, 2968), Y range = [3068, 3834), Center = (2596, 3450)
 Iteration 1: RMSD = 2.01653 px
 Iteration 2: RMSD = 0.196188 px
Patch (5, 5): 25 / 25, X range = [2968, 3710), Y range = [3068, 3834), Center = (3338, 3450)
 Iteration 1: RMSD = 0.923805 px
 Iteration 2: RMSD = 0.107687 px

Polynomial fit RMSD: X = 0.89261 px Y = 0.9534 px
Pre-exposure: = 0
Summing frames after dose weighting: ........................ done
Written aligned and dose-weighted sum to MotionCorr/job002/Movies/20170629_00049_frameImage.mrc
